Начало раунда 1
Ночной этап:

Игрок 1: Дон мафии
Игрок 2: Мафия
Игрок 3: Мафия
Игрок 4: Комиссар
Игрок 5: Маньяк
Игрок 6: Доктор
Игрок 7: Мирный житель
Игрок 8: Мирный житель
Игрок 9: Мирный житель
Игрок 10: Мирный житель

Мафия 2 выбрала игрока 6 для убийства.
Мафия 1 выбрала игрока 7 для убийства.
Мафия 3 выбрала игрока 10 для убийства.
Маньяк 5 выбрал игрока 2 для убийства.
Доктор 6 лечит игрока 3
Дон мафии 1 выбрал игрока 7 на основе голосов мафии (1 голосов)

Бот 7 был убит мафией.
Бот 2 был убит маньяком.
Бот 1 был убит комиссаром.
Дневной этап:

Игрок 3: Дон мафии
Игрок 4: Комиссар
Игрок 5: Маньяк
Игрок 6: Доктор
Игрок 8: Мирный житель
Игрок 9: Мирный житель
Игрок 10: Мирный житель

Дон мафии 3 выбрала игрока 9 на голосовании.
Маньяк 5 выбрал игрока 9 на голосовании.
Доктор 6 выбрал игрока 9 на голосовании.
Мирный житель 8 выбрал игрока 9 на голосовании.
Мирный житель 10 выбрал игрока 5 на голосовании.
Мирный житель 9 выбрал игрока 5 на голосовании.
Игрок 4 голосует за игрока 5

Бот 9 был изгнан после дневного голосования.
