Начало раунда 2
Ночной этап:

Игрок 3: Дон мафии
Игрок 4: Комиссар
Игрок 5: Маньяк
Игрок 6: Доктор
Игрок 8: Мирный житель
Игрок 10: Мирный житель

Мафия 3 выбрала игрока 8 для убийства.
Маньяк 5 выбрал игрока 8 для убийства.
Доктор 6 лечит игрока 6
Дон мафии 3 выбрал игрока 8 на основе голосов мафии (1 голосов)

Бот 8 был убит мафией.
Бот 5 был убит комиссаром.
Дневной этап:

Игрок 3: Дон мафии
Игрок 4: Комиссар
Игрок 6: Доктор
Игрок 10: Мирный житель

Дон мафии 3 выбрала игрока 10 на голосовании.
Мирный житель 10 выбрал игрока 3 на голосовании.
Доктор 6 выбрал игрока 3 на голосовании.
Игрок 4 голосует за игрока 3

Бот 3 был изгнан после дневного голосования.
